[2018-05-31 16:17:39.110] [logfile] [info] Logfile created ../Example/example.yaml
[2018-05-31 16:17:39.111] [logfile] [info] Grid size: 100 x 100 x 10
[2018-05-31 16:17:39.111] [logfile] [info] Cell size: 1 x 1 x 1
[2018-05-31 16:17:39.230] [logfile] [info] FTL file: ../Example/example.ftl
[2018-05-31 16:17:39.230] [logfile] [info] Porosity: 0.25
[2018-05-31 16:17:39.230] [logfile] [info] Trilinear: true
[2018-05-31 16:17:39.230] [logfile] [info] Seed: 1527808659
[2018-05-31 16:17:39.230] [logfile] [info] Molecular diffusion: 1e-09
[2018-05-31 16:17:39.230] [logfile] [info] Longitudinal dispersivity: 0.01
[2018-05-31 16:17:39.230] [logfile] [info] Transverse dispersivity: 0.001
[2018-05-31 16:17:39.230] [logfile] [info] Particles: 10000
[2018-05-31 16:17:39.292] [logfile] [info] Box P1: (5, 49, 4.9)
[2018-05-31 16:17:39.292] [logfile] [info] Box P2: (7, 51, 5.1)
[2018-05-31 16:17:39.292] [logfile] [info] output/result.csv ready
[2018-05-31 16:17:39.292] [logfile] [info] Writing CSV file (STEP 0)
[2018-05-31 16:17:39.295] [logfile] [info] Writing Snapshot file ../Example/output/snap-0.csv (STEP 0)
[2018-05-31 16:17:39.322] [logfile] [info] Writing CSV file (STEP 10)
[2018-05-31 16:17:39.326] [logfile] [info] Writing CSV file (STEP 20)
[2018-05-31 16:17:39.329] [logfile] [info] Writing CSV file (STEP 30)
[2018-05-31 16:17:39.332] [logfile] [info] Writing CSV file (STEP 40)
[2018-05-31 16:17:39.335] [logfile] [info] Writing CSV file (STEP 50)
[2018-05-31 16:17:39.338] [logfile] [info] Writing CSV file (STEP 60)
[2018-05-31 16:17:39.342] [logfile] [info] Writing CSV file (STEP 70)
[2018-05-31 16:17:39.345] [logfile] [info] Writing CSV file (STEP 80)
[2018-05-31 16:17:39.348] [logfile] [info] Writing CSV file (STEP 90)
[2018-05-31 16:17:39.352] [logfile] [info] Writing CSV file (STEP 100)
[2018-05-31 16:17:39.356] [logfile] [info] Writing CSV file (STEP 110)
[2018-05-31 16:17:39.359] [logfile] [info] Writing CSV file (STEP 120)
[2018-05-31 16:17:39.362] [logfile] [info] Writing CSV file (STEP 130)
[2018-05-31 16:17:39.366] [logfile] [info] Writing CSV file (STEP 140)
[2018-05-31 16:17:39.369] [logfile] [info] Writing CSV file (STEP 150)
[2018-05-31 16:17:39.372] [logfile] [info] Writing CSV file (STEP 160)
[2018-05-31 16:17:39.375] [logfile] [info] Writing CSV file (STEP 170)
[2018-05-31 16:17:39.378] [logfile] [info] Writing CSV file (STEP 180)
[2018-05-31 16:17:39.381] [logfile] [info] Writing CSV file (STEP 190)
[2018-05-31 16:17:39.386] [logfile] [info] Writing CSV file (STEP 200)
[2018-05-31 16:17:39.389] [logfile] [info] Writing CSV file (STEP 210)
[2018-05-31 16:17:39.392] [logfile] [info] Writing CSV file (STEP 220)
[2018-05-31 16:17:39.395] [logfile] [info] Writing CSV file (STEP 230)
[2018-05-31 16:17:39.399] [logfile] [info] Writing CSV file (STEP 240)
[2018-05-31 16:17:39.402] [logfile] [info] Writing CSV file (STEP 250)
[2018-05-31 16:17:39.405] [logfile] [info] Writing CSV file (STEP 260)
[2018-05-31 16:17:39.408] [logfile] [info] Writing CSV file (STEP 270)
[2018-05-31 16:17:39.411] [logfile] [info] Writing CSV file (STEP 280)
[2018-05-31 16:17:39.416] [logfile] [info] Writing CSV file (STEP 290)
[2018-05-31 16:17:39.419] [logfile] [info] Writing CSV file (STEP 300)
[2018-05-31 16:17:39.423] [logfile] [info] Writing CSV file (STEP 310)
[2018-05-31 16:17:39.426] [logfile] [info] Writing CSV file (STEP 320)
[2018-05-31 16:17:39.429] [logfile] [info] Writing CSV file (STEP 330)
[2018-05-31 16:17:39.432] [logfile] [info] Writing CSV file (STEP 340)
[2018-05-31 16:17:39.435] [logfile] [info] Writing CSV file (STEP 350)
[2018-05-31 16:17:39.438] [logfile] [info] Writing CSV file (STEP 360)
[2018-05-31 16:17:39.442] [logfile] [info] Writing CSV file (STEP 370)
[2018-05-31 16:17:39.445] [logfile] [info] Writing CSV file (STEP 380)
[2018-05-31 16:17:39.449] [logfile] [info] Writing CSV file (STEP 390)
[2018-05-31 16:17:39.453] [logfile] [info] Writing CSV file (STEP 400)
[2018-05-31 16:17:39.456] [logfile] [info] Writing CSV file (STEP 410)
[2018-05-31 16:17:39.459] [logfile] [info] Writing CSV file (STEP 420)
[2018-05-31 16:17:39.462] [logfile] [info] Writing CSV file (STEP 430)
[2018-05-31 16:17:39.465] [logfile] [info] Writing CSV file (STEP 440)
[2018-05-31 16:17:39.469] [logfile] [info] Writing CSV file (STEP 450)
[2018-05-31 16:17:39.472] [logfile] [info] Writing CSV file (STEP 460)
[2018-05-31 16:17:39.476] [logfile] [info] Writing CSV file (STEP 470)
[2018-05-31 16:17:39.480] [logfile] [info] Writing CSV file (STEP 480)
[2018-05-31 16:17:39.483] [logfile] [info] Writing CSV file (STEP 490)
[2018-05-31 16:17:39.487] [logfile] [info] Writing CSV file (STEP 500)
[2018-05-31 16:17:39.490] [logfile] [info] Writing CSV file (STEP 510)
[2018-05-31 16:17:39.493] [logfile] [info] Writing CSV file (STEP 520)
[2018-05-31 16:17:39.497] [logfile] [info] Writing CSV file (STEP 530)
[2018-05-31 16:17:39.500] [logfile] [info] Writing CSV file (STEP 540)
[2018-05-31 16:17:39.503] [logfile] [info] Writing CSV file (STEP 550)
[2018-05-31 16:17:39.507] [logfile] [info] Writing CSV file (STEP 560)
[2018-05-31 16:17:39.511] [logfile] [info] Writing CSV file (STEP 570)
[2018-05-31 16:17:39.515] [logfile] [info] Writing CSV file (STEP 580)
[2018-05-31 16:17:39.518] [logfile] [info] Writing CSV file (STEP 590)
[2018-05-31 16:17:39.522] [logfile] [info] Writing CSV file (STEP 600)
[2018-05-31 16:17:39.526] [logfile] [info] Writing CSV file (STEP 610)
[2018-05-31 16:17:39.529] [logfile] [info] Writing CSV file (STEP 620)
[2018-05-31 16:17:39.533] [logfile] [info] Writing CSV file (STEP 630)
[2018-05-31 16:17:39.537] [logfile] [info] Writing CSV file (STEP 640)
[2018-05-31 16:17:39.543] [logfile] [info] Writing CSV file (STEP 650)
[2018-05-31 16:17:39.547] [logfile] [info] Writing CSV file (STEP 660)
[2018-05-31 16:17:39.551] [logfile] [info] Writing CSV file (STEP 670)
[2018-05-31 16:17:39.556] [logfile] [info] Writing CSV file (STEP 680)
[2018-05-31 16:17:39.560] [logfile] [info] Writing CSV file (STEP 690)
[2018-05-31 16:17:39.565] [logfile] [info] Writing CSV file (STEP 700)
[2018-05-31 16:17:39.569] [logfile] [info] Writing CSV file (STEP 710)
[2018-05-31 16:17:39.574] [logfile] [info] Writing CSV file (STEP 720)
[2018-05-31 16:17:39.579] [logfile] [info] Writing CSV file (STEP 730)
[2018-05-31 16:17:39.583] [logfile] [info] Writing CSV file (STEP 740)
[2018-05-31 16:17:39.587] [logfile] [info] Writing CSV file (STEP 750)
[2018-05-31 16:17:39.591] [logfile] [info] Writing CSV file (STEP 760)
[2018-05-31 16:17:39.595] [logfile] [info] Writing CSV file (STEP 770)
[2018-05-31 16:17:39.599] [logfile] [info] Writing CSV file (STEP 780)
[2018-05-31 16:17:39.604] [logfile] [info] Writing CSV file (STEP 790)
[2018-05-31 16:17:39.609] [logfile] [info] Writing CSV file (STEP 800)
[2018-05-31 16:17:39.613] [logfile] [info] Writing CSV file (STEP 810)
[2018-05-31 16:17:39.617] [logfile] [info] Writing CSV file (STEP 820)
[2018-05-31 16:17:39.621] [logfile] [info] Writing CSV file (STEP 830)
[2018-05-31 16:17:39.625] [logfile] [info] Writing CSV file (STEP 840)
[2018-05-31 16:17:39.629] [logfile] [info] Writing CSV file (STEP 850)
[2018-05-31 16:17:39.633] [logfile] [info] Writing CSV file (STEP 860)
[2018-05-31 16:17:39.638] [logfile] [info] Writing CSV file (STEP 870)
[2018-05-31 16:17:39.642] [logfile] [info] Writing CSV file (STEP 880)
[2018-05-31 16:17:39.646] [logfile] [info] Writing CSV file (STEP 890)
[2018-05-31 16:17:39.650] [logfile] [info] Writing CSV file (STEP 900)
[2018-05-31 16:17:39.654] [logfile] [info] Writing CSV file (STEP 910)
[2018-05-31 16:17:39.658] [logfile] [info] Writing CSV file (STEP 920)
[2018-05-31 16:17:39.662] [logfile] [info] Writing CSV file (STEP 930)
[2018-05-31 16:17:39.666] [logfile] [info] Writing CSV file (STEP 940)
[2018-05-31 16:17:39.671] [logfile] [info] Writing CSV file (STEP 950)
[2018-05-31 16:17:39.675] [logfile] [info] Writing CSV file (STEP 960)
[2018-05-31 16:17:39.678] [logfile] [info] Writing CSV file (STEP 970)
[2018-05-31 16:17:39.682] [logfile] [info] Writing CSV file (STEP 980)
[2018-05-31 16:17:39.686] [logfile] [info] Writing CSV file (STEP 990)
[2018-05-31 16:17:39.690] [logfile] [info] Writing CSV file (STEP 1000)
[2018-05-31 16:17:39.691] [logfile] [info] Writing Snapshot file ../Example/output/snap-1000.csv (STEP 1000)
[2018-05-31 16:17:39.716] [logfile] [info] TIME PREPROCESSING: 0.182423s
[2018-05-31 16:17:39.716] [logfile] [info] TIME SIMULATION: 0.423692s
[2018-05-31 16:17:39.716] [logfile] [info] TIME ELAPSED: 0.606114s
